<?xml version="1.0" encoding="UTF-8"?>
<robot generator="Robot 3.2.1 (Python 3.8.3 on win32)" generated="20200715 11:17:33.965" rpa="false">
<suite id="s1" name="LoginCase" source="C:\Users\ilkan\PycharmProjects\bilyoner\Test\LoginCase.robot">
<test id="s1-t1" name="successful testcase">
<kw name="start session" library="utils" type="setup">
<kw name="Open Browser" library="SeleniumLibrary">
<doc>Opens a new browser instance to the optional ``url``.</doc>
<arguments>
<arg>about:blank</arg>
<arg>chrome</arg>
<arg>add_argument("--disable-popup-blocking"); add_argument("--ignore-certificate-errors");</arg>
</arguments>
<msg timestamp="20200715 11:17:34.485" level="INFO">Opening browser 'chrome' to base url 'about:blank'.</msg>
<status status="PASS" starttime="20200715 11:17:34.485" endtime="20200715 11:17:38.078"></status>
</kw>
<kw name="Maximize Browser Window" library="SeleniumLibrary">
<doc>Maximizes current browser window.</doc>
<status status="PASS" starttime="20200715 11:17:38.078" endtime="20200715 11:17:40.198"></status>
</kw>
<status status="PASS" starttime="20200715 11:17:34.484" endtime="20200715 11:17:40.198"></status>
</kw>
<kw name="go to login" library="homepageApp">
<kw name="go to login" library="homepage">
<kw name="go to app" library="homepage">
<kw name="Go To" library="SeleniumLibrary">
<doc>Navigates the current browser window to the provided ``url``.</doc>
<arguments>
<arg>${HOME_PAGE}</arg>
</arguments>
<msg timestamp="20200715 11:17:40.202" level="INFO">Opening url 'https://www.bilyoner.com/'</msg>
<status status="PASS" starttime="20200715 11:17:40.201" endtime="20200715 11:17:43.228"></status>
</kw>
<kw name="Sleep" library="BuiltIn">
<doc>Pauses the test executed for the given time.</doc>
<arguments>
<arg>2</arg>
</arguments>
<msg timestamp="20200715 11:17:45.231" level="INFO">Slept 2 seconds</msg>
<status status="PASS" starttime="20200715 11:17:43.229" endtime="20200715 11:17:45.231"></status>
</kw>
<status status="PASS" starttime="20200715 11:17:40.200" endtime="20200715 11:17:45.232"></status>
</kw>
<kw name="Wait Until Element Is Visible" library="SeleniumLibrary">
<doc>Waits until the element ``locator`` is visible.</doc>
<arguments>
<arg>${LOGİN_BUTTON}</arg>
<arg>10</arg>
</arguments>
<status status="PASS" starttime="20200715 11:17:45.232" endtime="20200715 11:17:45.275"></status>
</kw>
<kw name="Sleep" library="BuiltIn">
<doc>Pauses the test executed for the given time.</doc>
<arguments>
<arg>2</arg>
</arguments>
<msg timestamp="20200715 11:17:47.277" level="INFO">Slept 2 seconds</msg>
<status status="PASS" starttime="20200715 11:17:45.275" endtime="20200715 11:17:47.277"></status>
</kw>
<kw name="Click Button" library="SeleniumLibrary">
<doc>Clicks the button identified by ``locator``.</doc>
<arguments>
<arg>${LOGİN_BUTTON}</arg>
</arguments>
<msg timestamp="20200715 11:17:47.279" level="INFO">Clicking button '//button[@type='button' and @class='btn btn btn-login']'.</msg>
<status status="PASS" starttime="20200715 11:17:47.277" endtime="20200715 11:17:47.424"></status>
</kw>
<kw name="Sleep" library="BuiltIn">
<doc>Pauses the test executed for the given time.</doc>
<arguments>
<arg>1</arg>
</arguments>
<msg timestamp="20200715 11:17:48.426" level="INFO">Slept 1 second</msg>
<status status="PASS" starttime="20200715 11:17:47.424" endtime="20200715 11:17:48.426"></status>
</kw>
<status status="PASS" starttime="20200715 11:17:40.199" endtime="20200715 11:17:48.427"></status>
</kw>
<status status="PASS" starttime="20200715 11:17:40.198" endtime="20200715 11:17:48.427"></status>
</kw>
<kw name="Input Text" library="SeleniumLibrary">
<doc>Types the given ``text`` into the text field identified by ``locator``.</doc>
<arguments>
<arg>${USER_NAME}</arg>
<arg>30119297978</arg>
</arguments>
<msg timestamp="20200715 11:17:48.428" level="INFO">Typing text '30119297978' into text field 'username'.</msg>
<status status="PASS" starttime="20200715 11:17:48.428" endtime="20200715 11:17:48.571"></status>
</kw>
<kw name="Input Text" library="SeleniumLibrary">
<doc>Types the given ``text`` into the text field identified by ``locator``.</doc>
<arguments>
<arg>${USER_PASSWORD}</arg>
<arg>Smsrl.683</arg>
</arguments>
<msg timestamp="20200715 11:17:48.572" level="INFO">Typing text 'Smsrl.683' into text field 'password'.</msg>
<status status="PASS" starttime="20200715 11:17:48.572" endtime="20200715 11:17:48.749"></status>
</kw>
<kw name="click login" library="homepageApp">
<kw name="click login" library="homepage">
<kw name="Click Button" library="SeleniumLibrary">
<doc>Clicks the button identified by ``locator``.</doc>
<arguments>
<arg>${USER_LOGİN_BUTTON}</arg>
</arguments>
<msg timestamp="20200715 11:17:48.752" level="INFO">Clicking button '//button[@type='submit']'.</msg>
<status status="PASS" starttime="20200715 11:17:48.752" endtime="20200715 11:17:48.864"></status>
</kw>
<status status="PASS" starttime="20200715 11:17:48.751" endtime="20200715 11:17:48.864"></status>
</kw>
<status status="PASS" starttime="20200715 11:17:48.749" endtime="20200715 11:17:48.864"></status>
</kw>
<kw name="Sleep" library="BuiltIn">
<doc>Pauses the test executed for the given time.</doc>
<arguments>
<arg>2</arg>
</arguments>
<msg timestamp="20200715 11:17:50.867" level="INFO">Slept 2 seconds</msg>
<status status="PASS" starttime="20200715 11:17:48.865" endtime="20200715 11:17:50.867"></status>
</kw>
<kw name="close session" library="utils" type="teardown">
<kw name="Close Browser" library="SeleniumLibrary">
<doc>Closes the current browser.</doc>
<status status="PASS" starttime="20200715 11:17:50.868" endtime="20200715 11:17:53.288"></status>
</kw>
<status status="PASS" starttime="20200715 11:17:50.868" endtime="20200715 11:17:53.288"></status>
</kw>
<status status="PASS" starttime="20200715 11:17:34.483" endtime="20200715 11:17:53.289" critical="yes"></status>
</test>
<doc>My First robot test</doc>
<status status="PASS" starttime="20200715 11:17:33.968" endtime="20200715 11:17:53.291"></status>
</suite>
<statistics>
<total>
<stat pass="1" fail="0">Critical Tests</stat>
<stat pass="1" fail="0">All Tests</stat>
</total>
<tag>
</tag>
<suite>
<stat pass="1" fail="0" id="s1" name="LoginCase">LoginCase</stat>
</suite>
</statistics>
<errors>
</errors>
</robot>
